0 info it worked if it ends with ok
1 verbose cli [ '/Users/BICKLEY/.nvm/versions/node/v5.10.1/bin/node',
1 verbose cli   '/Users/BICKLEY/.nvm/versions/node/v5.10.1/bin/npm',
1 verbose cli   'install' ]
2 info using npm@3.8.3
3 info using node@v5.10.1
4 silly loadCurrentTree Starting
5 silly install loadCurrentTree
6 silly install readLocalPackageData
7 silly install normalizeTree
8 silly loadCurrentTree Finishing
9 silly loadIdealTree Starting
10 silly install loadIdealTree
11 silly cloneCurrentTree Starting
12 silly install cloneCurrentTreeToIdealTree
13 silly cloneCurrentTree Finishing
14 silly loadShrinkwrap Starting
15 silly install loadShrinkwrap
16 silly loadShrinkwrap Finishing
17 silly loadAllDepsIntoIdealTree Starting
18 silly install loadAllDepsIntoIdealTree
19 silly loadAllDepsIntoIdealTree Finishing
20 silly idealTree:prePrune herokutest@1.0.0
20 silly idealTree:prePrune ├── accepts@1.2.13
20 silly idealTree:prePrune ├── after@0.8.1
20 silly idealTree:prePrune ├── angular-router@0.0.2
20 silly idealTree:prePrune ├── ansi-regex@2.0.0
20 silly idealTree:prePrune ├── ansi-styles@2.2.1
20 silly idealTree:prePrune ├── archy@1.0.0
20 silly idealTree:prePrune ├── array-differ@1.0.0
20 silly idealTree:prePrune ├── array-find-index@1.0.1
20 silly idealTree:prePrune ├── array-flatten@1.1.1
20 silly idealTree:prePrune ├── array-uniq@1.0.2
20 silly idealTree:prePrune ├── arraybuffer.slice@0.0.6
20 silly idealTree:prePrune ├── async@1.5.2
20 silly idealTree:prePrune ├── backo2@1.0.2
20 silly idealTree:prePrune ├── balanced-match@0.4.1
20 silly idealTree:prePrune ├── base64-arraybuffer@0.1.2
20 silly idealTree:prePrune ├── base64id@0.1.0
20 silly idealTree:prePrune ├── basic-auth@1.0.3
20 silly idealTree:prePrune ├── beeper@1.1.0
20 silly idealTree:prePrune ├── benchmark@1.0.0
20 silly idealTree:prePrune ├── better-assert@1.0.2
20 silly idealTree:prePrune ├── blob@0.0.4
20 silly idealTree:prePrune ├── bluebird@2.10.2
20 silly idealTree:prePrune ├── body-parser@1.15.0
20 silly idealTree:prePrune ├── bower@1.7.9
20 silly idealTree:prePrune ├── brace-expansion@1.1.4
20 silly idealTree:prePrune ├── bson@0.4.23
20 silly idealTree:prePrune ├── builtin-modules@1.1.1
20 silly idealTree:prePrune ├── bytes@2.2.0
20 silly idealTree:prePrune ├── callsite@1.0.0
20 silly idealTree:prePrune ├── camelcase-keys@2.1.0
20 silly idealTree:prePrune ├── camelcase@2.1.1
20 silly idealTree:prePrune ├── chalk@1.1.3
20 silly idealTree:prePrune ├── clone-stats@0.0.1
20 silly idealTree:prePrune ├── clone@1.0.2
20 silly idealTree:prePrune ├── component-bind@1.0.0
20 silly idealTree:prePrune ├── component-emitter@1.1.2
20 silly idealTree:prePrune ├── component-inherit@0.0.3
20 silly idealTree:prePrune ├── concat-map@0.0.1
20 silly idealTree:prePrune ├── concat-with-sourcemaps@1.0.4
20 silly idealTree:prePrune ├── content-disposition@0.5.1
20 silly idealTree:prePrune ├── content-type@1.0.1
20 silly idealTree:prePrune ├─┬ cookie-parser@1.4.1
20 silly idealTree:prePrune │ └── cookie@0.2.3
20 silly idealTree:prePrune ├── cookie-signature@1.0.6
20 silly idealTree:prePrune ├── cookie@0.1.5
20 silly idealTree:prePrune ├── core-util-is@1.0.2
20 silly idealTree:prePrune ├── dateformat@1.0.12
20 silly idealTree:prePrune ├── debug@2.2.0
20 silly idealTree:prePrune ├── decamelize@1.2.0
20 silly idealTree:prePrune ├── defaults@1.0.3
20 silly idealTree:prePrune ├── depd@1.1.0
20 silly idealTree:prePrune ├── deprecated@0.0.1
20 silly idealTree:prePrune ├── destroy@1.0.4
20 silly idealTree:prePrune ├── dotenv@2.0.0
20 silly idealTree:prePrune ├── duplexer2@0.0.2
20 silly idealTree:prePrune ├── ee-first@1.1.1
20 silly idealTree:prePrune ├── end-of-stream@0.1.5
20 silly idealTree:prePrune ├── engine.io-client@1.6.9
20 silly idealTree:prePrune ├─┬ engine.io-parser@1.2.4
20 silly idealTree:prePrune │ └── has-binary@0.1.6
20 silly idealTree:prePrune ├─┬ engine.io@1.6.9
20 silly idealTree:prePrune │ ├── accepts@1.1.4
20 silly idealTree:prePrune │ ├── mime-db@1.12.0
20 silly idealTree:prePrune │ ├── mime-types@2.0.14
20 silly idealTree:prePrune │ └── negotiator@0.4.9
20 silly idealTree:prePrune ├── error-ex@1.3.0
20 silly idealTree:prePrune ├── es6-promise@3.0.2
20 silly idealTree:prePrune ├── escape-html@1.0.3
20 silly idealTree:prePrune ├── escape-string-regexp@1.0.5
20 silly idealTree:prePrune ├── etag@1.7.0
20 silly idealTree:prePrune ├─┬ express@4.13.4
20 silly idealTree:prePrune │ └── qs@4.0.0
20 silly idealTree:prePrune ├── extend@2.0.1
20 silly idealTree:prePrune ├── fancy-log@1.2.0
20 silly idealTree:prePrune ├── finalhandler@0.4.1
20 silly idealTree:prePrune ├── find-index@0.1.1
20 silly idealTree:prePrune ├── find-up@1.1.2
20 silly idealTree:prePrune ├── findup-sync@0.3.0
20 silly idealTree:prePrune ├── first-chunk-stream@1.0.0
20 silly idealTree:prePrune ├── flagged-respawn@0.3.2
20 silly idealTree:prePrune ├── forwarded@0.1.0
20 silly idealTree:prePrune ├── fresh@0.3.0
20 silly idealTree:prePrune ├── gaze@0.5.2
20 silly idealTree:prePrune ├── get-stdin@4.0.1
20 silly idealTree:prePrune ├─┬ glob-stream@3.1.18
20 silly idealTree:prePrune │ ├── glob@4.5.3
20 silly idealTree:prePrune │ ├── minimatch@2.0.10
20 silly idealTree:prePrune │ ├── readable-stream@1.0.34
20 silly idealTree:prePrune │ └── through2@0.6.5
20 silly idealTree:prePrune ├── glob-watcher@0.0.6
20 silly idealTree:prePrune ├── glob@5.0.15
20 silly idealTree:prePrune ├── glob2base@0.0.12
20 silly idealTree:prePrune ├─┬ globule@0.1.0
20 silly idealTree:prePrune │ ├── glob@3.1.21
20 silly idealTree:prePrune │ ├── graceful-fs@1.2.3
20 silly idealTree:prePrune │ ├── inherits@1.0.2
20 silly idealTree:prePrune │ └── minimatch@0.2.14
20 silly idealTree:prePrune ├── glogg@1.0.0
20 silly idealTree:prePrune ├── graceful-fs@4.1.4
20 silly idealTree:prePrune ├─┬ gulp-concat@2.6.0
20 silly idealTree:prePrune │ ├── readable-stream@1.0.34
20 silly idealTree:prePrune │ └── through2@0.6.5
20 silly idealTree:prePrune ├── gulp-install@0.6.0
20 silly idealTree:prePrune ├── gulp-util@3.0.7
20 silly idealTree:prePrune ├─┬ gulp@3.9.1
20 silly idealTree:prePrune │ └── semver@4.3.6
20 silly idealTree:prePrune ├── gulplog@1.0.0
20 silly idealTree:prePrune ├── has-ansi@2.0.0
20 silly idealTree:prePrune ├── has-binary@0.1.7
20 silly idealTree:prePrune ├── has-cors@1.1.0
20 silly idealTree:prePrune ├── has-gulplog@0.1.0
20 silly idealTree:prePrune ├── hooks-fixed@1.1.0
20 silly idealTree:prePrune ├── hosted-git-info@2.1.5
20 silly idealTree:prePrune ├── http-errors@1.4.0
20 silly idealTree:prePrune ├── iconv-lite@0.4.13
20 silly idealTree:prePrune ├── indent-string@2.1.0
20 silly idealTree:prePrune ├── indexof@0.0.1
20 silly idealTree:prePrune ├── inflight@1.0.5
20 silly idealTree:prePrune ├── inherits@2.0.1
20 silly idealTree:prePrune ├── interpret@1.0.1
20 silly idealTree:prePrune ├── ipaddr.js@1.0.5
20 silly idealTree:prePrune ├── is-absolute@0.1.7
20 silly idealTree:prePrune ├── is-arrayish@0.2.1
20 silly idealTree:prePrune ├── is-builtin-module@1.0.0
20 silly idealTree:prePrune ├── is-finite@1.0.1
20 silly idealTree:prePrune ├── is-relative@0.1.3
20 silly idealTree:prePrune ├── is-utf8@0.2.1
20 silly idealTree:prePrune ├── isarray@0.0.1
20 silly idealTree:prePrune ├── isexe@1.1.2
20 silly idealTree:prePrune ├── json3@3.2.6
20 silly idealTree:prePrune ├── kareem@1.0.1
20 silly idealTree:prePrune ├── liftoff@2.2.1
20 silly idealTree:prePrune ├── load-json-file@1.1.0
20 silly idealTree:prePrune ├── lodash._basecopy@3.0.1
20 silly idealTree:prePrune ├── lodash._basetostring@3.0.1
20 silly idealTree:prePrune ├── lodash._basevalues@3.0.0
20 silly idealTree:prePrune ├── lodash._getnative@3.9.1
20 silly idealTree:prePrune ├── lodash._isiterateecall@3.0.9
20 silly idealTree:prePrune ├── lodash._reescape@3.0.0
20 silly idealTree:prePrune ├── lodash._reevaluate@3.0.0
20 silly idealTree:prePrune ├── lodash._reinterpolate@3.0.0
20 silly idealTree:prePrune ├── lodash._root@3.0.1
20 silly idealTree:prePrune ├── lodash.escape@3.2.0
20 silly idealTree:prePrune ├── lodash.isarguments@3.0.8
20 silly idealTree:prePrune ├── lodash.isarray@3.0.4
20 silly idealTree:prePrune ├── lodash.keys@3.1.2
20 silly idealTree:prePrune ├── lodash.restparam@3.6.1
20 silly idealTree:prePrune ├── lodash.template@3.6.2
20 silly idealTree:prePrune ├── lodash.templatesettings@3.1.1
20 silly idealTree:prePrune ├── lodash@1.0.2
20 silly idealTree:prePrune ├── loud-rejection@1.3.0
20 silly idealTree:prePrune ├── lru-cache@2.7.3
20 silly idealTree:prePrune ├── map-obj@1.0.1
20 silly idealTree:prePrune ├── media-typer@0.3.0
20 silly idealTree:prePrune ├─┬ meow@3.7.0
20 silly idealTree:prePrune │ └── object-assign@4.1.0
20 silly idealTree:prePrune ├── merge-descriptors@1.0.1
20 silly idealTree:prePrune ├── methods@1.1.2
20 silly idealTree:prePrune ├── mime-db@1.23.0
20 silly idealTree:prePrune ├── mime-types@2.1.11
20 silly idealTree:prePrune ├── mime@1.3.4
20 silly idealTree:prePrune ├── minimatch@3.0.0
20 silly idealTree:prePrune ├── minimist@1.2.0
20 silly idealTree:prePrune ├─┬ mkdirp@0.5.1
20 silly idealTree:prePrune │ └── minimist@0.0.8
20 silly idealTree:prePrune ├── moment@2.13.0
20 silly idealTree:prePrune ├── mongodb-core@1.3.18
20 silly idealTree:prePrune ├─┬ mongodb@2.1.18
20 silly idealTree:prePrune │ └── readable-stream@1.0.31
20 silly idealTree:prePrune ├── mongoose@4.4.17
20 silly idealTree:prePrune ├── morgan@1.7.0
20 silly idealTree:prePrune ├── mpath@0.2.1
20 silly idealTree:prePrune ├── mpromise@0.5.5
20 silly idealTree:prePrune ├─┬ mquery@1.10.0
20 silly idealTree:prePrune │ └── sliced@0.0.5
20 silly idealTree:prePrune ├── ms@0.7.1
20 silly idealTree:prePrune ├── multipipe@0.1.2
20 silly idealTree:prePrune ├── muri@1.1.0
20 silly idealTree:prePrune ├── negotiator@0.5.3
20 silly idealTree:prePrune ├── normalize-package-data@2.3.5
20 silly idealTree:prePrune ├── number-is-nan@1.0.0
20 silly idealTree:prePrune ├── object-assign@3.0.0
20 silly idealTree:prePrune ├── object-component@0.0.3
20 silly idealTree:prePrune ├── on-finished@2.3.0
20 silly idealTree:prePrune ├── on-headers@1.0.1
20 silly idealTree:prePrune ├── once@1.3.3
20 silly idealTree:prePrune ├── options@0.0.6
20 silly idealTree:prePrune ├── orchestrator@0.3.7
20 silly idealTree:prePrune ├── ordered-read-streams@0.1.0
20 silly idealTree:prePrune ├── os-homedir@1.0.1
20 silly idealTree:prePrune ├── parse-json@2.2.0
20 silly idealTree:prePrune ├── parsejson@0.0.1
20 silly idealTree:prePrune ├── parseqs@0.0.2
20 silly idealTree:prePrune ├── parseuri@0.0.4
20 silly idealTree:prePrune ├── parseurl@1.3.1
20 silly idealTree:prePrune ├── path-exists@2.1.0
20 silly idealTree:prePrune ├── path-is-absolute@1.0.0
20 silly idealTree:prePrune ├── path-to-regexp@0.1.7
20 silly idealTree:prePrune ├── path-type@1.1.0
20 silly idealTree:prePrune ├── path@0.12.7
20 silly idealTree:prePrune ├── pify@2.3.0
20 silly idealTree:prePrune ├── pinkie-promise@2.0.1
20 silly idealTree:prePrune ├── pinkie@2.0.4
20 silly idealTree:prePrune ├── pretty-hrtime@1.0.2
20 silly idealTree:prePrune ├── process-nextick-args@1.0.7
20 silly idealTree:prePrune ├── process@0.11.3
20 silly idealTree:prePrune ├── proxy-addr@1.0.10
20 silly idealTree:prePrune ├── qs@6.1.0
20 silly idealTree:prePrune ├── range-parser@1.0.3
20 silly idealTree:prePrune ├─┬ raw-body@2.1.6
20 silly idealTree:prePrune │ └── bytes@2.3.0
20 silly idealTree:prePrune ├── read-pkg-up@1.0.1
20 silly idealTree:prePrune ├── read-pkg@1.1.0
20 silly idealTree:prePrune ├── readable-stream@1.1.14
20 silly idealTree:prePrune ├── rechoir@0.6.2
20 silly idealTree:prePrune ├── redent@1.0.0
20 silly idealTree:prePrune ├── regexp-clone@0.0.1
20 silly idealTree:prePrune ├── repeating@2.0.1
20 silly idealTree:prePrune ├── replace-ext@0.0.1
20 silly idealTree:prePrune ├── require_optional@1.0.0
20 silly idealTree:prePrune ├── resolve-from@2.0.0
20 silly idealTree:prePrune ├── resolve@1.1.7
20 silly idealTree:prePrune ├── semver@5.1.0
20 silly idealTree:prePrune ├─┬ send@0.13.1
20 silly idealTree:prePrune │ └── http-errors@1.3.1
20 silly idealTree:prePrune ├── sequencify@0.0.7
20 silly idealTree:prePrune ├── serve-static@1.10.2
20 silly idealTree:prePrune ├── sigmund@1.0.1
20 silly idealTree:prePrune ├── signal-exit@2.1.2
20 silly idealTree:prePrune ├── sliced@1.0.1
20 silly idealTree:prePrune ├─┬ socket.io-adapter@0.4.0
20 silly idealTree:prePrune │ └─┬ socket.io-parser@2.2.2
20 silly idealTree:prePrune │   └── debug@0.7.4
20 silly idealTree:prePrune ├─┬ socket.io-client@1.4.6
20 silly idealTree:prePrune │ └── component-emitter@1.2.0
20 silly idealTree:prePrune ├─┬ socket.io-parser@2.2.6
20 silly idealTree:prePrune │ └── json3@3.3.2
20 silly idealTree:prePrune ├── socket.io@1.4.6
20 silly idealTree:prePrune ├── source-map@0.5.6
20 silly idealTree:prePrune ├── sparkles@1.0.0
20 silly idealTree:prePrune ├── spdx-correct@1.0.2
20 silly idealTree:prePrune ├── spdx-exceptions@1.0.4
20 silly idealTree:prePrune ├── spdx-expression-parse@1.0.2
20 silly idealTree:prePrune ├── spdx-license-ids@1.2.1
20 silly idealTree:prePrune ├── statuses@1.2.1
20 silly idealTree:prePrune ├── stream-consume@0.1.0
20 silly idealTree:prePrune ├── string_decoder@0.10.31
20 silly idealTree:prePrune ├── strip-ansi@3.0.1
20 silly idealTree:prePrune ├── strip-bom@2.0.0
20 silly idealTree:prePrune ├── strip-indent@1.0.1
20 silly idealTree:prePrune ├── supports-color@2.0.0
20 silly idealTree:prePrune ├─┬ through2@2.0.1
20 silly idealTree:prePrune │ ├── isarray@1.0.0
20 silly idealTree:prePrune │ └── readable-stream@2.0.6
20 silly idealTree:prePrune ├── tildify@1.2.0
20 silly idealTree:prePrune ├── time-stamp@1.0.1
20 silly idealTree:prePrune ├── to-array@0.1.4
20 silly idealTree:prePrune ├── trim-newlines@1.0.0
20 silly idealTree:prePrune ├── type-is@1.6.12
20 silly idealTree:prePrune ├── ultron@1.0.2
20 silly idealTree:prePrune ├── unique-stream@1.0.0
20 silly idealTree:prePrune ├── unpipe@1.0.0
20 silly idealTree:prePrune ├── user-home@1.1.1
20 silly idealTree:prePrune ├── utf8@2.1.0
20 silly idealTree:prePrune ├── util-deprecate@1.0.2
20 silly idealTree:prePrune ├── util@0.10.3
20 silly idealTree:prePrune ├── utils-merge@1.0.0
20 silly idealTree:prePrune ├── uuid@2.0.2
20 silly idealTree:prePrune ├── v8flags@2.0.11
20 silly idealTree:prePrune ├── validate-npm-package-license@3.0.1
20 silly idealTree:prePrune ├── vary@1.0.1
20 silly idealTree:prePrune ├─┬ vinyl-fs@0.3.14
20 silly idealTree:prePrune │ ├── clone@0.2.0
20 silly idealTree:prePrune │ ├── graceful-fs@3.0.8
20 silly idealTree:prePrune │ ├── readable-stream@1.0.34
20 silly idealTree:prePrune │ ├── strip-bom@1.0.0
20 silly idealTree:prePrune │ ├── through2@0.6.5
20 silly idealTree:prePrune │ └── vinyl@0.4.6
20 silly idealTree:prePrune ├── vinyl@0.5.3
20 silly idealTree:prePrune ├── which@1.2.8
20 silly idealTree:prePrune ├── wrappy@1.0.2
20 silly idealTree:prePrune ├── ws@1.0.1
20 silly idealTree:prePrune ├── xmlhttprequest-ssl@1.5.1
20 silly idealTree:prePrune ├── xtend@4.0.1
20 silly idealTree:prePrune └── yeast@0.1.2
21 silly loadIdealTree Finishing
22 silly currentTree herokutest@1.0.0
22 silly currentTree ├── accepts@1.2.13
22 silly currentTree ├── after@0.8.1
22 silly currentTree ├── angular-router@0.0.2
22 silly currentTree ├── ansi-regex@2.0.0
22 silly currentTree ├── ansi-styles@2.2.1
22 silly currentTree ├── archy@1.0.0
22 silly currentTree ├── array-differ@1.0.0
22 silly currentTree ├── array-find-index@1.0.1
22 silly currentTree ├── array-flatten@1.1.1
22 silly currentTree ├── array-uniq@1.0.2
22 silly currentTree ├── arraybuffer.slice@0.0.6
22 silly currentTree ├── async@1.5.2
22 silly currentTree ├── backo2@1.0.2
22 silly currentTree ├── balanced-match@0.4.1
22 silly currentTree ├── base64-arraybuffer@0.1.2
22 silly currentTree ├── base64id@0.1.0
22 silly currentTree ├── basic-auth@1.0.3
22 silly currentTree ├── beeper@1.1.0
22 silly currentTree ├── benchmark@1.0.0
22 silly currentTree ├── better-assert@1.0.2
22 silly currentTree ├── blob@0.0.4
22 silly currentTree ├── bluebird@2.10.2
22 silly currentTree ├── body-parser@1.15.0
22 silly currentTree ├── bower@1.7.9
22 silly currentTree ├── brace-expansion@1.1.4
22 silly currentTree ├── bson@0.4.23
22 silly currentTree ├── builtin-modules@1.1.1
22 silly currentTree ├── bytes@2.2.0
22 silly currentTree ├── callsite@1.0.0
22 silly currentTree ├── camelcase-keys@2.1.0
22 silly currentTree ├── camelcase@2.1.1
22 silly currentTree ├── chalk@1.1.3
22 silly currentTree ├── clone-stats@0.0.1
22 silly currentTree ├── clone@1.0.2
22 silly currentTree ├── component-bind@1.0.0
22 silly currentTree ├── component-emitter@1.1.2
22 silly currentTree ├── component-inherit@0.0.3
22 silly currentTree ├── concat-map@0.0.1
22 silly currentTree ├── concat-with-sourcemaps@1.0.4
22 silly currentTree ├── content-disposition@0.5.1
22 silly currentTree ├── content-type@1.0.1
22 silly currentTree ├─┬ cookie-parser@1.4.1
22 silly currentTree │ └── cookie@0.2.3
22 silly currentTree ├── cookie-signature@1.0.6
22 silly currentTree ├── cookie@0.1.5
22 silly currentTree ├── core-util-is@1.0.2
22 silly currentTree ├── dateformat@1.0.12
22 silly currentTree ├── debug@2.2.0
22 silly currentTree ├── decamelize@1.2.0
22 silly currentTree ├── defaults@1.0.3
22 silly currentTree ├── depd@1.1.0
22 silly currentTree ├── deprecated@0.0.1
22 silly currentTree ├── destroy@1.0.4
22 silly currentTree ├── dotenv@2.0.0
22 silly currentTree ├── duplexer2@0.0.2
22 silly currentTree ├── ee-first@1.1.1
22 silly currentTree ├── end-of-stream@0.1.5
22 silly currentTree ├── engine.io-client@1.6.9
22 silly currentTree ├─┬ engine.io-parser@1.2.4
22 silly currentTree │ └── has-binary@0.1.6
22 silly currentTree ├─┬ engine.io@1.6.9
22 silly currentTree │ ├── accepts@1.1.4
22 silly currentTree │ ├── mime-db@1.12.0
22 silly currentTree │ ├── mime-types@2.0.14
22 silly currentTree │ └── negotiator@0.4.9
22 silly currentTree ├── error-ex@1.3.0
22 silly currentTree ├── es6-promise@3.0.2
22 silly currentTree ├── escape-html@1.0.3
22 silly currentTree ├── escape-string-regexp@1.0.5
22 silly currentTree ├── etag@1.7.0
22 silly currentTree ├─┬ express@4.13.4
22 silly currentTree │ └── qs@4.0.0
22 silly currentTree ├── extend@2.0.1
22 silly currentTree ├── fancy-log@1.2.0
22 silly currentTree ├── finalhandler@0.4.1
22 silly currentTree ├── find-index@0.1.1
22 silly currentTree ├── find-up@1.1.2
22 silly currentTree ├── findup-sync@0.3.0
22 silly currentTree ├── first-chunk-stream@1.0.0
22 silly currentTree ├── flagged-respawn@0.3.2
22 silly currentTree ├── forwarded@0.1.0
22 silly currentTree ├── fresh@0.3.0
22 silly currentTree ├── gaze@0.5.2
22 silly currentTree ├── get-stdin@4.0.1
22 silly currentTree ├─┬ glob-stream@3.1.18
22 silly currentTree │ ├── glob@4.5.3
22 silly currentTree │ ├── minimatch@2.0.10
22 silly currentTree │ ├── readable-stream@1.0.34
22 silly currentTree │ └── through2@0.6.5
22 silly currentTree ├── glob-watcher@0.0.6
22 silly currentTree ├── glob@5.0.15
22 silly currentTree ├── glob2base@0.0.12
22 silly currentTree ├─┬ globule@0.1.0
22 silly currentTree │ ├── glob@3.1.21
22 silly currentTree │ ├── graceful-fs@1.2.3
22 silly currentTree │ ├── inherits@1.0.2
22 silly currentTree │ └── minimatch@0.2.14
22 silly currentTree ├── glogg@1.0.0
22 silly currentTree ├── graceful-fs@4.1.4
22 silly currentTree ├─┬ gulp-concat@2.6.0
22 silly currentTree │ ├── readable-stream@1.0.34
22 silly currentTree │ └── through2@0.6.5
22 silly currentTree ├── gulp-install@0.6.0
22 silly currentTree ├── gulp-util@3.0.7
22 silly currentTree ├─┬ gulp@3.9.1
22 silly currentTree │ └── semver@4.3.6
22 silly currentTree ├── gulplog@1.0.0
22 silly currentTree ├── has-ansi@2.0.0
22 silly currentTree ├── has-binary@0.1.7
22 silly currentTree ├── has-cors@1.1.0
22 silly currentTree ├── has-gulplog@0.1.0
22 silly currentTree ├── hooks-fixed@1.1.0
22 silly currentTree ├── hosted-git-info@2.1.5
22 silly currentTree ├── http-errors@1.4.0
22 silly currentTree ├── iconv-lite@0.4.13
22 silly currentTree ├── indent-string@2.1.0
22 silly currentTree ├── indexof@0.0.1
22 silly currentTree ├── inflight@1.0.5
22 silly currentTree ├── inherits@2.0.1
22 silly currentTree ├── interpret@1.0.1
22 silly currentTree ├── ipaddr.js@1.0.5
22 silly currentTree ├── is-absolute@0.1.7
22 silly currentTree ├── is-arrayish@0.2.1
22 silly currentTree ├── is-builtin-module@1.0.0
22 silly currentTree ├── is-finite@1.0.1
22 silly currentTree ├── is-relative@0.1.3
22 silly currentTree ├── is-utf8@0.2.1
22 silly currentTree ├── isarray@0.0.1
22 silly currentTree ├── isexe@1.1.2
22 silly currentTree ├── json3@3.2.6
22 silly currentTree ├── kareem@1.0.1
22 silly currentTree ├── liftoff@2.2.1
22 silly currentTree ├── load-json-file@1.1.0
22 silly currentTree ├── lodash._basecopy@3.0.1
22 silly currentTree ├── lodash._basetostring@3.0.1
22 silly currentTree ├── lodash._basevalues@3.0.0
22 silly currentTree ├── lodash._getnative@3.9.1
22 silly currentTree ├── lodash._isiterateecall@3.0.9
22 silly currentTree ├── lodash._reescape@3.0.0
22 silly currentTree ├── lodash._reevaluate@3.0.0
22 silly currentTree ├── lodash._reinterpolate@3.0.0
22 silly currentTree ├── lodash._root@3.0.1
22 silly currentTree ├── lodash.escape@3.2.0
22 silly currentTree ├── lodash.isarguments@3.0.8
22 silly currentTree ├── lodash.isarray@3.0.4
22 silly currentTree ├── lodash.keys@3.1.2
22 silly currentTree ├── lodash.restparam@3.6.1
22 silly currentTree ├── lodash.template@3.6.2
22 silly currentTree ├── lodash.templatesettings@3.1.1
22 silly currentTree ├── lodash@1.0.2
22 silly currentTree ├── loud-rejection@1.3.0
22 silly currentTree ├── lru-cache@2.7.3
22 silly currentTree ├── map-obj@1.0.1
22 silly currentTree ├── media-typer@0.3.0
22 silly currentTree ├─┬ meow@3.7.0
22 silly currentTree │ └── object-assign@4.1.0
22 silly currentTree ├── merge-descriptors@1.0.1
22 silly currentTree ├── methods@1.1.2
22 silly currentTree ├── mime-db@1.23.0
22 silly currentTree ├── mime-types@2.1.11
22 silly currentTree ├── mime@1.3.4
22 silly currentTree ├── minimatch@3.0.0
22 silly currentTree ├── minimist@1.2.0
22 silly currentTree ├─┬ mkdirp@0.5.1
22 silly currentTree │ └── minimist@0.0.8
22 silly currentTree ├── moment@2.13.0
22 silly currentTree ├── mongodb-core@1.3.18
22 silly currentTree ├─┬ mongodb@2.1.18
22 silly currentTree │ └── readable-stream@1.0.31
22 silly currentTree ├── mongoose@4.4.17
22 silly currentTree ├── morgan@1.7.0
22 silly currentTree ├── mpath@0.2.1
22 silly currentTree ├── mpromise@0.5.5
22 silly currentTree ├─┬ mquery@1.10.0
22 silly currentTree │ └── sliced@0.0.5
22 silly currentTree ├── ms@0.7.1
22 silly currentTree ├── multipipe@0.1.2
22 silly currentTree ├── muri@1.1.0
22 silly currentTree ├── negotiator@0.5.3
22 silly currentTree ├── normalize-package-data@2.3.5
22 silly currentTree ├── number-is-nan@1.0.0
22 silly currentTree ├── object-assign@3.0.0
22 silly currentTree ├── object-component@0.0.3
22 silly currentTree ├── on-finished@2.3.0
22 silly currentTree ├── on-headers@1.0.1
22 silly currentTree ├── once@1.3.3
22 silly currentTree ├── options@0.0.6
22 silly currentTree ├── orchestrator@0.3.7
22 silly currentTree ├── ordered-read-streams@0.1.0
22 silly currentTree ├── os-homedir@1.0.1
22 silly currentTree ├── parse-json@2.2.0
22 silly currentTree ├── parsejson@0.0.1
22 silly currentTree ├── parseqs@0.0.2
22 silly currentTree ├── parseuri@0.0.4
22 silly currentTree ├── parseurl@1.3.1
22 silly currentTree ├── path-exists@2.1.0
22 silly currentTree ├── path-is-absolute@1.0.0
22 silly currentTree ├── path-to-regexp@0.1.7
22 silly currentTree ├── path-type@1.1.0
22 silly currentTree ├── path@0.12.7
22 silly currentTree ├── pify@2.3.0
22 silly currentTree ├── pinkie-promise@2.0.1
22 silly currentTree ├── pinkie@2.0.4
22 silly currentTree ├── pretty-hrtime@1.0.2
22 silly currentTree ├── process-nextick-args@1.0.7
22 silly currentTree ├── process@0.11.3
22 silly currentTree ├── proxy-addr@1.0.10
22 silly currentTree ├── qs@6.1.0
22 silly currentTree ├── range-parser@1.0.3
22 silly currentTree ├─┬ raw-body@2.1.6
22 silly currentTree │ └── bytes@2.3.0
22 silly currentTree ├── read-pkg-up@1.0.1
22 silly currentTree ├── read-pkg@1.1.0
22 silly currentTree ├── readable-stream@1.1.14
22 silly currentTree ├── rechoir@0.6.2
22 silly currentTree ├── redent@1.0.0
22 silly currentTree ├── regexp-clone@0.0.1
22 silly currentTree ├── repeating@2.0.1
22 silly currentTree ├── replace-ext@0.0.1
22 silly currentTree ├── require_optional@1.0.0
22 silly currentTree ├── resolve-from@2.0.0
22 silly currentTree ├── resolve@1.1.7
22 silly currentTree ├── semver@5.1.0
22 silly currentTree ├─┬ send@0.13.1
22 silly currentTree │ └── http-errors@1.3.1
22 silly currentTree ├── sequencify@0.0.7
22 silly currentTree ├── serve-static@1.10.2
22 silly currentTree ├── sigmund@1.0.1
22 silly currentTree ├── signal-exit@2.1.2
22 silly currentTree ├── sliced@1.0.1
22 silly currentTree ├─┬ socket.io-adapter@0.4.0
22 silly currentTree │ └─┬ socket.io-parser@2.2.2
22 silly currentTree │   └── debug@0.7.4
22 silly currentTree ├─┬ socket.io-client@1.4.6
22 silly currentTree │ └── component-emitter@1.2.0
22 silly currentTree ├─┬ socket.io-parser@2.2.6
22 silly currentTree │ └── json3@3.3.2
22 silly currentTree ├── socket.io@1.4.6
22 silly currentTree ├── source-map@0.5.6
22 silly currentTree ├── sparkles@1.0.0
22 silly currentTree ├── spdx-correct@1.0.2
22 silly currentTree ├── spdx-exceptions@1.0.4
22 silly currentTree ├── spdx-expression-parse@1.0.2
22 silly currentTree ├── spdx-license-ids@1.2.1
22 silly currentTree ├── statuses@1.2.1
22 silly currentTree ├── stream-consume@0.1.0
22 silly currentTree ├── string_decoder@0.10.31
22 silly currentTree ├── strip-ansi@3.0.1
22 silly currentTree ├── strip-bom@2.0.0
22 silly currentTree ├── strip-indent@1.0.1
22 silly currentTree ├── supports-color@2.0.0
22 silly currentTree ├─┬ through2@2.0.1
22 silly currentTree │ ├── isarray@1.0.0
22 silly currentTree │ └── readable-stream@2.0.6
22 silly currentTree ├── tildify@1.2.0
22 silly currentTree ├── time-stamp@1.0.1
22 silly currentTree ├── to-array@0.1.4
22 silly currentTree ├── trim-newlines@1.0.0
22 silly currentTree ├── type-is@1.6.12
22 silly currentTree ├── ultron@1.0.2
22 silly currentTree ├── unique-stream@1.0.0
22 silly currentTree ├── unpipe@1.0.0
22 silly currentTree ├── user-home@1.1.1
22 silly currentTree ├── utf8@2.1.0
22 silly currentTree ├── util-deprecate@1.0.2
22 silly currentTree ├── util@0.10.3
22 silly currentTree ├── utils-merge@1.0.0
22 silly currentTree ├── uuid@2.0.2
22 silly currentTree ├── v8flags@2.0.11
22 silly currentTree ├── validate-npm-package-license@3.0.1
22 silly currentTree ├── vary@1.0.1
22 silly currentTree ├─┬ vinyl-fs@0.3.14
22 silly currentTree │ ├── clone@0.2.0
22 silly currentTree │ ├── graceful-fs@3.0.8
22 silly currentTree │ ├── readable-stream@1.0.34
22 silly currentTree │ ├── strip-bom@1.0.0
22 silly currentTree │ ├── through2@0.6.5
22 silly currentTree │ └── vinyl@0.4.6
22 silly currentTree ├── vinyl@0.5.3
22 silly currentTree ├── which@1.2.8
22 silly currentTree ├── wrappy@1.0.2
22 silly currentTree ├── ws@1.0.1
22 silly currentTree ├── xmlhttprequest-ssl@1.5.1
22 silly currentTree ├── xtend@4.0.1
22 silly currentTree └── yeast@0.1.2
23 silly idealTree herokutest@1.0.0
23 silly idealTree ├── accepts@1.2.13
23 silly idealTree ├── after@0.8.1
23 silly idealTree ├── angular-router@0.0.2
23 silly idealTree ├── ansi-regex@2.0.0
23 silly idealTree ├── ansi-styles@2.2.1
23 silly idealTree ├── archy@1.0.0
23 silly idealTree ├── array-differ@1.0.0
23 silly idealTree ├── array-find-index@1.0.1
23 silly idealTree ├── array-flatten@1.1.1
23 silly idealTree ├── array-uniq@1.0.2
23 silly idealTree ├── arraybuffer.slice@0.0.6
23 silly idealTree ├── async@1.5.2
23 silly idealTree ├── backo2@1.0.2
23 silly idealTree ├── balanced-match@0.4.1
23 silly idealTree ├── base64-arraybuffer@0.1.2
23 silly idealTree ├── base64id@0.1.0
23 silly idealTree ├── basic-auth@1.0.3
23 silly idealTree ├── beeper@1.1.0
23 silly idealTree ├── benchmark@1.0.0
23 silly idealTree ├── better-assert@1.0.2
23 silly idealTree ├── blob@0.0.4
23 silly idealTree ├── bluebird@2.10.2
23 silly idealTree ├── body-parser@1.15.0
23 silly idealTree ├── bower@1.7.9
23 silly idealTree ├── brace-expansion@1.1.4
23 silly idealTree ├── bson@0.4.23
23 silly idealTree ├── builtin-modules@1.1.1
23 silly idealTree ├── bytes@2.2.0
23 silly idealTree ├── callsite@1.0.0
23 silly idealTree ├── camelcase-keys@2.1.0
23 silly idealTree ├── camelcase@2.1.1
23 silly idealTree ├── chalk@1.1.3
23 silly idealTree ├── clone-stats@0.0.1
23 silly idealTree ├── clone@1.0.2
23 silly idealTree ├── component-bind@1.0.0
23 silly idealTree ├── component-emitter@1.1.2
23 silly idealTree ├── component-inherit@0.0.3
23 silly idealTree ├── concat-map@0.0.1
23 silly idealTree ├── concat-with-sourcemaps@1.0.4
23 silly idealTree ├── content-disposition@0.5.1
23 silly idealTree ├── content-type@1.0.1
23 silly idealTree ├─┬ cookie-parser@1.4.1
23 silly idealTree │ └── cookie@0.2.3
23 silly idealTree ├── cookie-signature@1.0.6
23 silly idealTree ├── cookie@0.1.5
23 silly idealTree ├── core-util-is@1.0.2
23 silly idealTree ├── dateformat@1.0.12
23 silly idealTree ├── debug@2.2.0
23 silly idealTree ├── decamelize@1.2.0
23 silly idealTree ├── defaults@1.0.3
23 silly idealTree ├── depd@1.1.0
23 silly idealTree ├── deprecated@0.0.1
23 silly idealTree ├── destroy@1.0.4
23 silly idealTree ├── dotenv@2.0.0
23 silly idealTree ├── duplexer2@0.0.2
23 silly idealTree ├── ee-first@1.1.1
23 silly idealTree ├── end-of-stream@0.1.5
23 silly idealTree ├── engine.io-client@1.6.9
23 silly idealTree ├─┬ engine.io-parser@1.2.4
23 silly idealTree │ └── has-binary@0.1.6
23 silly idealTree ├─┬ engine.io@1.6.9
23 silly idealTree │ ├── accepts@1.1.4
23 silly idealTree │ ├── mime-db@1.12.0
23 silly idealTree │ ├── mime-types@2.0.14
23 silly idealTree │ └── negotiator@0.4.9
23 silly idealTree ├── error-ex@1.3.0
23 silly idealTree ├── es6-promise@3.0.2
23 silly idealTree ├── escape-html@1.0.3
23 silly idealTree ├── escape-string-regexp@1.0.5
23 silly idealTree ├── etag@1.7.0
23 silly idealTree ├─┬ express@4.13.4
23 silly idealTree │ └── qs@4.0.0
23 silly idealTree ├── extend@2.0.1
23 silly idealTree ├── fancy-log@1.2.0
23 silly idealTree ├── finalhandler@0.4.1
23 silly idealTree ├── find-index@0.1.1
23 silly idealTree ├── find-up@1.1.2
23 silly idealTree ├── findup-sync@0.3.0
23 silly idealTree ├── first-chunk-stream@1.0.0
23 silly idealTree ├── flagged-respawn@0.3.2
23 silly idealTree ├── forwarded@0.1.0
23 silly idealTree ├── fresh@0.3.0
23 silly idealTree ├── gaze@0.5.2
23 silly idealTree ├── get-stdin@4.0.1
23 silly idealTree ├─┬ glob-stream@3.1.18
23 silly idealTree │ ├── glob@4.5.3
23 silly idealTree │ ├── minimatch@2.0.10
23 silly idealTree │ ├── readable-stream@1.0.34
23 silly idealTree │ └── through2@0.6.5
23 silly idealTree ├── glob-watcher@0.0.6
23 silly idealTree ├── glob@5.0.15
23 silly idealTree ├── glob2base@0.0.12
23 silly idealTree ├─┬ globule@0.1.0
23 silly idealTree │ ├── glob@3.1.21
23 silly idealTree │ ├── graceful-fs@1.2.3
23 silly idealTree │ ├── inherits@1.0.2
23 silly idealTree │ └── minimatch@0.2.14
23 silly idealTree ├── glogg@1.0.0
23 silly idealTree ├── graceful-fs@4.1.4
23 silly idealTree ├─┬ gulp-concat@2.6.0
23 silly idealTree │ ├── readable-stream@1.0.34
23 silly idealTree │ └── through2@0.6.5
23 silly idealTree ├── gulp-install@0.6.0
23 silly idealTree ├── gulp-util@3.0.7
23 silly idealTree ├─┬ gulp@3.9.1
23 silly idealTree │ └── semver@4.3.6
23 silly idealTree ├── gulplog@1.0.0
23 silly idealTree ├── has-ansi@2.0.0
23 silly idealTree ├── has-binary@0.1.7
23 silly idealTree ├── has-cors@1.1.0
23 silly idealTree ├── has-gulplog@0.1.0
23 silly idealTree ├── hooks-fixed@1.1.0
23 silly idealTree ├── hosted-git-info@2.1.5
23 silly idealTree ├── http-errors@1.4.0
23 silly idealTree ├── iconv-lite@0.4.13
23 silly idealTree ├── indent-string@2.1.0
23 silly idealTree ├── indexof@0.0.1
23 silly idealTree ├── inflight@1.0.5
23 silly idealTree ├── inherits@2.0.1
23 silly idealTree ├── interpret@1.0.1
23 silly idealTree ├── ipaddr.js@1.0.5
23 silly idealTree ├── is-absolute@0.1.7
23 silly idealTree ├── is-arrayish@0.2.1
23 silly idealTree ├── is-builtin-module@1.0.0
23 silly idealTree ├── is-finite@1.0.1
23 silly idealTree ├── is-relative@0.1.3
23 silly idealTree ├── is-utf8@0.2.1
23 silly idealTree ├── isarray@0.0.1
23 silly idealTree ├── isexe@1.1.2
23 silly idealTree ├── json3@3.2.6
23 silly idealTree ├── kareem@1.0.1
23 silly idealTree ├── liftoff@2.2.1
23 silly idealTree ├── load-json-file@1.1.0
23 silly idealTree ├── lodash._basecopy@3.0.1
23 silly idealTree ├── lodash._basetostring@3.0.1
23 silly idealTree ├── lodash._basevalues@3.0.0
23 silly idealTree ├── lodash._getnative@3.9.1
23 silly idealTree ├── lodash._isiterateecall@3.0.9
23 silly idealTree ├── lodash._reescape@3.0.0
23 silly idealTree ├── lodash._reevaluate@3.0.0
23 silly idealTree ├── lodash._reinterpolate@3.0.0
23 silly idealTree ├── lodash._root@3.0.1
23 silly idealTree ├── lodash.escape@3.2.0
23 silly idealTree ├── lodash.isarguments@3.0.8
23 silly idealTree ├── lodash.isarray@3.0.4
23 silly idealTree ├── lodash.keys@3.1.2
23 silly idealTree ├── lodash.restparam@3.6.1
23 silly idealTree ├── lodash.template@3.6.2
23 silly idealTree ├── lodash.templatesettings@3.1.1
23 silly idealTree ├── lodash@1.0.2
23 silly idealTree ├── loud-rejection@1.3.0
23 silly idealTree ├── lru-cache@2.7.3
23 silly idealTree ├── map-obj@1.0.1
23 silly idealTree ├── media-typer@0.3.0
23 silly idealTree ├─┬ meow@3.7.0
23 silly idealTree │ └── object-assign@4.1.0
23 silly idealTree ├── merge-descriptors@1.0.1
23 silly idealTree ├── methods@1.1.2
23 silly idealTree ├── mime-db@1.23.0
23 silly idealTree ├── mime-types@2.1.11
23 silly idealTree ├── mime@1.3.4
23 silly idealTree ├── minimatch@3.0.0
23 silly idealTree ├── minimist@1.2.0
23 silly idealTree ├─┬ mkdirp@0.5.1
23 silly idealTree │ └── minimist@0.0.8
23 silly idealTree ├── moment@2.13.0
23 silly idealTree ├── mongodb-core@1.3.18
23 silly idealTree ├─┬ mongodb@2.1.18
23 silly idealTree │ └── readable-stream@1.0.31
23 silly idealTree ├── mongoose@4.4.17
23 silly idealTree ├── morgan@1.7.0
23 silly idealTree ├── mpath@0.2.1
23 silly idealTree ├── mpromise@0.5.5
23 silly idealTree ├─┬ mquery@1.10.0
23 silly idealTree │ └── sliced@0.0.5
23 silly idealTree ├── ms@0.7.1
23 silly idealTree ├── multipipe@0.1.2
23 silly idealTree ├── muri@1.1.0
23 silly idealTree ├── negotiator@0.5.3
23 silly idealTree ├── normalize-package-data@2.3.5
23 silly idealTree ├── number-is-nan@1.0.0
23 silly idealTree ├── object-assign@3.0.0
23 silly idealTree ├── object-component@0.0.3
23 silly idealTree ├── on-finished@2.3.0
23 silly idealTree ├── on-headers@1.0.1
23 silly idealTree ├── once@1.3.3
23 silly idealTree ├── options@0.0.6
23 silly idealTree ├── orchestrator@0.3.7
23 silly idealTree ├── ordered-read-streams@0.1.0
23 silly idealTree ├── os-homedir@1.0.1
23 silly idealTree ├── parse-json@2.2.0
23 silly idealTree ├── parsejson@0.0.1
23 silly idealTree ├── parseqs@0.0.2
23 silly idealTree ├── parseuri@0.0.4
23 silly idealTree ├── parseurl@1.3.1
23 silly idealTree ├── path-exists@2.1.0
23 silly idealTree ├── path-is-absolute@1.0.0
23 silly idealTree ├── path-to-regexp@0.1.7
23 silly idealTree ├── path-type@1.1.0
23 silly idealTree ├── path@0.12.7
23 silly idealTree ├── pify@2.3.0
23 silly idealTree ├── pinkie-promise@2.0.1
23 silly idealTree ├── pinkie@2.0.4
23 silly idealTree ├── pretty-hrtime@1.0.2
23 silly idealTree ├── process-nextick-args@1.0.7
23 silly idealTree ├── process@0.11.3
23 silly idealTree ├── proxy-addr@1.0.10
23 silly idealTree ├── qs@6.1.0
23 silly idealTree ├── range-parser@1.0.3
23 silly idealTree ├─┬ raw-body@2.1.6
23 silly idealTree │ └── bytes@2.3.0
23 silly idealTree ├── read-pkg-up@1.0.1
23 silly idealTree ├── read-pkg@1.1.0
23 silly idealTree ├── readable-stream@1.1.14
23 silly idealTree ├── rechoir@0.6.2
23 silly idealTree ├── redent@1.0.0
23 silly idealTree ├── regexp-clone@0.0.1
23 silly idealTree ├── repeating@2.0.1
23 silly idealTree ├── replace-ext@0.0.1
23 silly idealTree ├── require_optional@1.0.0
23 silly idealTree ├── resolve-from@2.0.0
23 silly idealTree ├── resolve@1.1.7
23 silly idealTree ├── semver@5.1.0
23 silly idealTree ├─┬ send@0.13.1
23 silly idealTree │ └── http-errors@1.3.1
23 silly idealTree ├── sequencify@0.0.7
23 silly idealTree ├── serve-static@1.10.2
23 silly idealTree ├── sigmund@1.0.1
23 silly idealTree ├── signal-exit@2.1.2
23 silly idealTree ├── sliced@1.0.1
23 silly idealTree ├─┬ socket.io-adapter@0.4.0
23 silly idealTree │ └─┬ socket.io-parser@2.2.2
23 silly idealTree │   └── debug@0.7.4
23 silly idealTree ├─┬ socket.io-client@1.4.6
23 silly idealTree │ └── component-emitter@1.2.0
23 silly idealTree ├─┬ socket.io-parser@2.2.6
23 silly idealTree │ └── json3@3.3.2
23 silly idealTree ├── socket.io@1.4.6
23 silly idealTree ├── source-map@0.5.6
23 silly idealTree ├── sparkles@1.0.0
23 silly idealTree ├── spdx-correct@1.0.2
23 silly idealTree ├── spdx-exceptions@1.0.4
23 silly idealTree ├── spdx-expression-parse@1.0.2
23 silly idealTree ├── spdx-license-ids@1.2.1
23 silly idealTree ├── statuses@1.2.1
23 silly idealTree ├── stream-consume@0.1.0
23 silly idealTree ├── string_decoder@0.10.31
23 silly idealTree ├── strip-ansi@3.0.1
23 silly idealTree ├── strip-bom@2.0.0
23 silly idealTree ├── strip-indent@1.0.1
23 silly idealTree ├── supports-color@2.0.0
23 silly idealTree ├─┬ through2@2.0.1
23 silly idealTree │ ├── isarray@1.0.0
23 silly idealTree │ └── readable-stream@2.0.6
23 silly idealTree ├── tildify@1.2.0
23 silly idealTree ├── time-stamp@1.0.1
23 silly idealTree ├── to-array@0.1.4
23 silly idealTree ├── trim-newlines@1.0.0
23 silly idealTree ├── type-is@1.6.12
23 silly idealTree ├── ultron@1.0.2
23 silly idealTree ├── unique-stream@1.0.0
23 silly idealTree ├── unpipe@1.0.0
23 silly idealTree ├── user-home@1.1.1
23 silly idealTree ├── utf8@2.1.0
23 silly idealTree ├── util-deprecate@1.0.2
23 silly idealTree ├── util@0.10.3
23 silly idealTree ├── utils-merge@1.0.0
23 silly idealTree ├── uuid@2.0.2
23 silly idealTree ├── v8flags@2.0.11
23 silly idealTree ├── validate-npm-package-license@3.0.1
23 silly idealTree ├── vary@1.0.1
23 silly idealTree ├─┬ vinyl-fs@0.3.14
23 silly idealTree │ ├── clone@0.2.0
23 silly idealTree │ ├── graceful-fs@3.0.8
23 silly idealTree │ ├── readable-stream@1.0.34
23 silly idealTree │ ├── strip-bom@1.0.0
23 silly idealTree │ ├── through2@0.6.5
23 silly idealTree │ └── vinyl@0.4.6
23 silly idealTree ├── vinyl@0.5.3
23 silly idealTree ├── which@1.2.8
23 silly idealTree ├── wrappy@1.0.2
23 silly idealTree ├── ws@1.0.1
23 silly idealTree ├── xmlhttprequest-ssl@1.5.1
23 silly idealTree ├── xtend@4.0.1
23 silly idealTree └── yeast@0.1.2
24 silly generateActionsToTake Starting
25 silly install generateActionsToTake
26 silly generateActionsToTake Finishing
27 silly diffTrees action count 0
28 silly decomposeActions action count 0
29 silly executeActions Starting
30 silly install executeActions
31 silly doSerial global-install 0
32 silly doParallel fetch 0
33 verbose correctMkdir /Users/BICKLEY/.npm/_locks correctMkdir not in flight; initializing
34 verbose lock using /Users/BICKLEY/.npm/_locks/staging-da77f4f4f7df0777.lock for /Users/BICKLEY/temp/may_CH/may_hw/18may16_PhotoAlbum/node_modules/.staging
35 silly doParallel extract 0
36 silly doParallel preinstall 0
37 silly doReverseSerial remove 0
38 silly doSerial move 0
39 silly doSerial finalize 0
40 silly doSerial build 0
41 silly doSerial global-link 0
42 silly doParallel update-linked 0
43 silly doSerial install 0
44 silly doSerial postinstall 0
45 verbose unlock done using /Users/BICKLEY/.npm/_locks/staging-da77f4f4f7df0777.lock for /Users/BICKLEY/temp/may_CH/may_hw/18may16_PhotoAlbum/node_modules/.staging
46 silly executeActions Finishing
47 silly rollbackFailedOptional Starting
48 silly rollbackFailedOptional Finishing
49 silly runTopLevelLifecycles Starting
50 silly install runTopLevelLifecycles
51 silly preinstall herokutest@1.0.0 /Users/BICKLEY/temp/may_CH/may_hw/18may16_PhotoAlbum/herokutest-a8554227
52 info lifecycle herokutest@1.0.0~preinstall: herokutest@1.0.0
53 silly lifecycle herokutest@1.0.0~preinstall: no script for preinstall, continuing
54 silly build herokutest@1.0.0
55 info linkStuff herokutest@1.0.0
56 silly linkStuff herokutest@1.0.0 has /Users/BICKLEY/temp/may_CH/may_hw as its parent node_modules
57 verbose linkBins herokutest@1.0.0
58 verbose linkMans herokutest@1.0.0
59 silly install herokutest@1.0.0 /Users/BICKLEY/temp/may_CH/may_hw/18may16_PhotoAlbum/herokutest-a8554227
60 info lifecycle herokutest@1.0.0~install: herokutest@1.0.0
61 silly lifecycle herokutest@1.0.0~install: no script for install, continuing
62 silly postinstall herokutest@1.0.0 /Users/BICKLEY/temp/may_CH/may_hw/18may16_PhotoAlbum/herokutest-a8554227
63 info lifecycle herokutest@1.0.0~postinstall: herokutest@1.0.0
64 verbose lifecycle herokutest@1.0.0~postinstall: unsafe-perm in lifecycle true
65 verbose lifecycle herokutest@1.0.0~postinstall: PATH: /Users/BICKLEY/.nvm/versions/node/v5.10.1/lib/node_modules/npm/bin/node-gyp-bin:/Users/BICKLEY/temp/may_CH/may_hw/18may16_PhotoAlbum/node_modules/.bin:/Users/BICKLEY/.nvm/versions/node/v5.10.1/bin:/Users/BICKLEY/.nvm/versions/node/v5.10.1/bin:/usr/local/bin:/usr/bin:/bin:/usr/sbin:/sbin:/opt/X11/bin
66 verbose lifecycle herokutest@1.0.0~postinstall: CWD: /Users/BICKLEY/temp/may_CH/may_hw/18may16_PhotoAlbum
67 silly lifecycle herokutest@1.0.0~postinstall: Args: [ '-c', 'bower i' ]
68 silly lifecycle herokutest@1.0.0~postinstall: Returned: code: 1  signal: null
69 info lifecycle herokutest@1.0.0~postinstall: Failed to exec postinstall script
70 warn herokutest@1.0.0 No description
71 warn herokutest@1.0.0 No repository field.
72 verbose stack Error: herokutest@1.0.0 postinstall: `bower i`
72 verbose stack Exit status 1
72 verbose stack     at EventEmitter.<anonymous> (/Users/BICKLEY/.nvm/versions/node/v5.10.1/lib/node_modules/npm/lib/utils/lifecycle.js:239:16)
72 verbose stack     at emitTwo (events.js:100:13)
72 verbose stack     at EventEmitter.emit (events.js:185:7)
72 verbose stack     at ChildProcess.<anonymous> (/Users/BICKLEY/.nvm/versions/node/v5.10.1/lib/node_modules/npm/lib/utils/spawn.js:24:14)
72 verbose stack     at emitTwo (events.js:100:13)
72 verbose stack     at ChildProcess.emit (events.js:185:7)
72 verbose stack     at maybeClose (internal/child_process.js:850:16)
72 verbose stack     at Process.ChildProcess._handle.onexit (internal/child_process.js:215:5)
73 verbose pkgid herokutest@1.0.0
74 verbose cwd /Users/BICKLEY/temp/may_CH/may_hw/18may16_PhotoAlbum
75 error Darwin 14.5.0
76 error argv "/Users/BICKLEY/.nvm/versions/node/v5.10.1/bin/node" "/Users/BICKLEY/.nvm/versions/node/v5.10.1/bin/npm" "install"
77 error node v5.10.1
78 error npm  v3.8.3
79 error code ELIFECYCLE
80 error herokutest@1.0.0 postinstall: `bower i`
80 error Exit status 1
81 error Failed at the herokutest@1.0.0 postinstall script 'bower i'.
81 error Make sure you have the latest version of node.js and npm installed.
81 error If you do, this is most likely a problem with the herokutest package,
81 error not with npm itself.
81 error Tell the author that this fails on your system:
81 error     bower i
81 error You can get information on how to open an issue for this project with:
81 error     npm bugs herokutest
81 error Or if that isn't available, you can get their info via:
81 error     npm owner ls herokutest
81 error There is likely additional logging output above.
82 verbose exit [ 1, true ]
